C:\Program Files (x86)\Microsoft Visual Studio\2019\Community\MSBuild\Microsoft\VC\v160\Microsoft.CppBuild.targets(491,5): warning MSB8028: The intermediate directory (x64\Debug\) contains files shared from another project (sfmlsetup.vcxproj).  This can lead to incorrect clean and rebuild behavior.
  main.cpp
C:\dev\Ludo_24100004\sfmlsetup\main.cpp(34,808): warning C4305: 'initializing': truncation from 'double' to 'const float'
C:\dev\Ludo_24100004\sfmlsetup\main.cpp(35,1001): warning C4305: 'initializing': truncation from 'double' to 'const float'
C:\dev\Ludo_24100004\sfmlsetup\main.cpp(38,797): warning C4305: 'initializing': truncation from 'double' to 'const float'
C:\dev\Ludo_24100004\sfmlsetup\main.cpp(39,991): warning C4305: 'initializing': truncation from 'double' to 'const float'
C:\dev\Ludo_24100004\sfmlsetup\main.cpp(42,840): warning C4305: 'initializing': truncation from 'double' to 'const float'
C:\dev\Ludo_24100004\sfmlsetup\main.cpp(43,991): warning C4305: 'initializing': truncation from 'double' to 'const float'
C:\dev\Ludo_24100004\sfmlsetup\main.cpp(46,824): warning C4305: 'initializing': truncation from 'double' to 'const float'
C:\dev\Ludo_24100004\sfmlsetup\main.cpp(47,988): warning C4305: 'initializing': truncation from 'double' to 'const float'
C:\dev\Ludo_24100004\sfmlsetup\main.cpp(327,15): warning C4244: 'argument': conversion from 'time_t' to 'unsigned int', possible loss of data
C:\dev\Ludo_24100004\sfmlsetup\main.cpp(693,47): warning C4305: 'argument': truncation from 'double' to 'T'
          with
          [
              T=float
          ]
C:\dev\Ludo_24100004\sfmlsetup\main.cpp(698,47): warning C4305: 'argument': truncation from 'double' to 'T'
          with
          [
              T=float
          ]
C:\dev\Ludo_24100004\sfmlsetup\main.cpp(703,47): warning C4305: 'argument': truncation from 'double' to 'T'
          with
          [
              T=float
          ]
C:\dev\Ludo_24100004\sfmlsetup\main.cpp(708,47): warning C4305: 'argument': truncation from 'double' to 'T'
          with
          [
              T=float
          ]
C:\dev\Ludo_24100004\sfmlsetup\main.cpp(709,56): warning C4244: 'argument': conversion from 'double' to 'T', possible loss of data
          with
          [
              T=float
          ]
C:\dev\Ludo_24100004\sfmlsetup\main.cpp(713,47): warning C4305: 'argument': truncation from 'double' to 'T'
          with
          [
              T=float
          ]
C:\dev\Ludo_24100004\sfmlsetup\main.cpp(714,56): warning C4244: 'argument': conversion from 'double' to 'T', possible loss of data
          with
          [
              T=float
          ]
C:\dev\Ludo_24100004\sfmlsetup\main.cpp(718,47): warning C4305: 'argument': truncation from 'double' to 'T'
          with
          [
              T=float
          ]
C:\dev\Ludo_24100004\sfmlsetup\main.cpp(723,47): warning C4305: 'argument': truncation from 'double' to 'T'
          with
          [
              T=float
          ]
C:\dev\Ludo_24100004\sfmlsetup\main.cpp(728,47): warning C4305: 'argument': truncation from 'double' to 'T'
          with
          [
              T=float
          ]
C:\dev\Ludo_24100004\sfmlsetup\main.cpp(729,56): warning C4244: 'argument': conversion from 'double' to 'T', possible loss of data
          with
          [
              T=float
          ]
C:\dev\Ludo_24100004\sfmlsetup\main.cpp(734,47): warning C4305: 'argument': truncation from 'double' to 'T'
          with
          [
              T=float
          ]
C:\dev\Ludo_24100004\sfmlsetup\main.cpp(735,71): warning C4305: 'argument': truncation from 'double' to 'T'
          with
          [
              T=float
          ]
C:\dev\Ludo_24100004\sfmlsetup\main.cpp(739,46): warning C4305: 'argument': truncation from 'double' to 'T'
          with
          [
              T=float
          ]
C:\dev\Ludo_24100004\sfmlsetup\main.cpp(740,63): warning C4305: 'argument': truncation from 'double' to 'T'
          with
          [
              T=float
          ]
C:\dev\Ludo_24100004\sfmlsetup\main.cpp(744,48): warning C4305: 'argument': truncation from 'double' to 'T'
          with
          [
              T=float
          ]
C:\dev\Ludo_24100004\sfmlsetup\main.cpp(745,78): warning C4305: 'argument': truncation from 'double' to 'T'
          with
          [
              T=float
          ]
C:\dev\Ludo_24100004\sfmlsetup\main.cpp(749,49): warning C4305: 'argument': truncation from 'double' to 'T'
          with
          [
              T=float
          ]
C:\dev\Ludo_24100004\sfmlsetup\main.cpp(750,85): warning C4305: 'argument': truncation from 'double' to 'T'
          with
          [
              T=float
          ]
C:\dev\Ludo_24100004\sfmlsetup\main.cpp(757,57): warning C4244: '+=': conversion from 'double' to 'int', possible loss of data
C:\dev\Ludo_24100004\sfmlsetup\main.cpp(759,53): warning C4244: 'argument': conversion from 'int' to 'T', possible loss of data
          with
          [
              T=float
          ]
C:\dev\Ludo_24100004\sfmlsetup\main.cpp(759,88): warning C4244: 'argument': conversion from 'int' to 'T', possible loss of data
          with
          [
              T=float
          ]
C:\dev\Ludo_24100004\sfmlsetup\main.cpp(760,53): warning C4244: 'argument': conversion from 'int' to 'T', possible loss of data
          with
          [
              T=float
          ]
C:\dev\Ludo_24100004\sfmlsetup\main.cpp(760,90): warning C4244: 'argument': conversion from 'int' to 'T', possible loss of data
          with
          [
              T=float
          ]
C:\dev\Ludo_24100004\sfmlsetup\main.cpp(766,57): warning C4244: '+=': conversion from 'double' to 'int', possible loss of data
C:\dev\Ludo_24100004\sfmlsetup\main.cpp(768,55): warning C4244: 'argument': conversion from 'int' to 'T', possible loss of data
          with
          [
              T=float
          ]
C:\dev\Ludo_24100004\sfmlsetup\main.cpp(768,92): warning C4244: 'argument': conversion from 'int' to 'T', possible loss of data
          with
          [
              T=float
          ]
C:\dev\Ludo_24100004\sfmlsetup\main.cpp(769,57): warning C4244: 'argument': conversion from 'int' to 'T', possible loss of data
          with
          [
              T=float
          ]
C:\dev\Ludo_24100004\sfmlsetup\main.cpp(769,94): warning C4244: 'argument': conversion from 'int' to 'T', possible loss of data
          with
          [
              T=float
          ]
C:\dev\Ludo_24100004\sfmlsetup\main.cpp(781,52): warning C4244: 'argument': conversion from 'double' to 'T', possible loss of data
          with
          [
              T=float
          ]
C:\dev\Ludo_24100004\sfmlsetup\main.cpp(781,89): warning C4244: 'argument': conversion from 'double' to 'T', possible loss of data
          with
          [
              T=float
          ]
C:\dev\Ludo_24100004\sfmlsetup\main.cpp(786,52): warning C4244: 'argument': conversion from 'double' to 'T', possible loss of data
          with
          [
              T=float
          ]
C:\dev\Ludo_24100004\sfmlsetup\main.cpp(786,89): warning C4244: 'argument': conversion from 'double' to 'T', possible loss of data
          with
          [
              T=float
          ]
C:\dev\Ludo_24100004\sfmlsetup\main.cpp(793,56): warning C4244: 'argument': conversion from 'double' to 'T', possible loss of data
          with
          [
              T=float
          ]
C:\dev\Ludo_24100004\sfmlsetup\main.cpp(793,93): warning C4244: 'argument': conversion from 'double' to 'T', possible loss of data
          with
          [
              T=float
          ]
C:\dev\Ludo_24100004\sfmlsetup\main.cpp(798,56): warning C4244: 'argument': conversion from 'double' to 'T', possible loss of data
          with
          [
              T=float
          ]
C:\dev\Ludo_24100004\sfmlsetup\main.cpp(798,93): warning C4244: 'argument': conversion from 'double' to 'T', possible loss of data
          with
          [
              T=float
          ]
  sfmlsetup.vcxproj -> C:\dev\Ludo_24100004\x64\Debug\Ludo_sumair.exe
